17:11:18.428 [main] DEBUG api.test.UserTests - debugging.....
17:11:18.439 [main] INFO  api.test.UserTests - ********** Creating user  ***************
17:11:21.629 [main] INFO  api.test.UserTests - **********User is created  ***************
17:11:21.640 [main] INFO  api.test.UserTests - ********** Reading User Info ***************
17:11:22.654 [main] INFO  api.test.UserTests - **********User info  is displayed ***************
17:11:22.656 [main] INFO  api.test.UserTests - ********** Updating User ***************
17:11:23.616 [main] INFO  api.test.UserTests - ********** User updated ***************
17:11:24.523 [main] INFO  api.test.UserTests - **********   Deleting User  ***************
17:11:25.464 [main] INFO  api.test.UserTests - ********** User deleted ***************
17:11:25.513 [main] DEBUG api.test.UserTests2 - debugging.....
17:11:25.514 [main] INFO  api.test.UserTests2 - ********** Creating user  ***************
17:11:26.579 [main] INFO  api.test.UserTests2 - **********User is created  ***************
17:11:26.580 [main] INFO  api.test.UserTests2 - ********** Reading User Info ***************
17:11:27.538 [main] INFO  api.test.UserTests2 - **********User info  is displayed ***************
17:11:27.540 [main] INFO  api.test.UserTests2 - ********** Updating User ***************
17:11:28.424 [main] INFO  api.test.UserTests2 - ********** User updated ***************
17:11:29.370 [main] INFO  api.test.UserTests2 - **********   Deleting User  ***************
17:11:30.378 [main] INFO  api.test.UserTests2 - ********** User deleted ***************
21:47:51.510 [main] DEBUG api.test.UserTests2 - debugging.....
21:47:51.518 [main] INFO  api.test.UserTests2 - ********** Creating user  ***************
21:47:54.081 [main] INFO  api.test.UserTests2 - **********User is created  ***************
21:47:54.084 [main] INFO  api.test.UserTests2 - ********** Reading User Info ***************
21:47:55.065 [main] INFO  api.test.UserTests2 - **********User info  is displayed ***************
21:47:55.066 [main] INFO  api.test.UserTests2 - ********** Updating User ***************
21:47:58.120 [main] INFO  api.test.UserTests2 - ********** User updated ***************
21:48:01.390 [main] INFO  api.test.UserTests2 - **********   Deleting User  ***************
21:48:03.374 [main] INFO  api.test.UserTests2 - ********** User deleted ***************
