17:17:47.499 [main] DEBUG api.test.UserTests - debugging.....
17:17:47.507 [main] INFO  api.test.UserTests - ********** Creating user  ***************
17:17:53.575 [main] INFO  api.test.UserTests - **********User is created  ***************
17:17:53.583 [main] INFO  api.test.UserTests - ********** Reading User Info ***************
17:17:54.563 [main] INFO  api.test.UserTests - **********User info  is displayed ***************
17:17:54.567 [main] INFO  api.test.UserTests - ********** Updating User ***************
17:17:55.849 [main] INFO  api.test.UserTests - ********** User updated ***************
17:17:56.842 [main] INFO  api.test.UserTests - **********   Deleting User  ***************
17:17:57.795 [main] INFO  api.test.UserTests - ********** User deleted ***************
17:17:57.844 [main] DEBUG api.test.UserTests2 - debugging.....
17:17:57.845 [main] INFO  api.test.UserTests2 - ********** Creating user  ***************
17:17:58.769 [main] INFO  api.test.UserTests2 - **********User is created  ***************
17:17:58.772 [main] INFO  api.test.UserTests2 - ********** Reading User Info ***************
17:17:59.755 [main] INFO  api.test.UserTests2 - **********User info  is displayed ***************
17:17:59.758 [main] INFO  api.test.UserTests2 - ********** Updating User ***************
17:18:00.772 [main] INFO  api.test.UserTests2 - ********** User updated ***************
17:18:01.771 [main] INFO  api.test.UserTests2 - **********   Deleting User  ***************
17:18:02.795 [main] INFO  api.test.UserTests2 - ********** User deleted ***************
18:04:04.865 [main] DEBUG org.apache.poi.openxml4j.opc.PackageRelationshipCollection - Parsing relationship: /xl/_rels/workbook.xml.rels
18:04:04.869 [main] DEBUG org.apache.poi.openxml4j.opc.PackageRelationshipCollection - Parsing relationship: /xl/worksheets/_rels/sheet1.xml.rels
18:04:04.869 [main] DEBUG org.apache.poi.openxml4j.opc.PackageRelationshipCollection - Parsing relationship: /_rels/.rels
18:04:05.185 [main] DEBUG org.apache.poi.ooxml.POIXMLFactory - using default POIXMLDocumentPart for http://schemas.openxmlformats.org/officeDocument/2006/relationships/printerSettings
18:04:05.249 [main] DEBUG org.apache.poi.openxml4j.opc.PackageRelationshipCollection - Parsing relationship: /xl/_rels/workbook.xml.rels
18:04:05.250 [main] DEBUG org.apache.poi.openxml4j.opc.PackageRelationshipCollection - Parsing relationship: /xl/worksheets/_rels/sheet1.xml.rels
18:04:05.250 [main] DEBUG org.apache.poi.openxml4j.opc.PackageRelationshipCollection - Parsing relationship: /_rels/.rels
18:04:05.258 [main] DEBUG org.apache.poi.ooxml.POIXMLFactory - using default POIXMLDocumentPart for http://schemas.openxmlformats.org/officeDocument/2006/relationships/printerSettings
18:04:05.273 [main] DEBUG org.apache.poi.openxml4j.opc.PackageRelationshipCollection - Parsing relationship: /xl/_rels/workbook.xml.rels
18:04:05.274 [main] DEBUG org.apache.poi.openxml4j.opc.PackageRelationshipCollection - Parsing relationship: /xl/worksheets/_rels/sheet1.xml.rels
18:04:05.274 [main] DEBUG org.apache.poi.openxml4j.opc.PackageRelationshipCollection - Parsing relationship: /_rels/.rels
18:04:05.280 [main] DEBUG org.apache.poi.ooxml.POIXMLFactory - using default POIXMLDocumentPart for http://schemas.openxmlformats.org/officeDocument/2006/relationships/printerSettings
18:04:05.291 [main] DEBUG org.apache.poi.openxml4j.opc.PackageRelationshipCollection - Parsing relationship: /xl/_rels/workbook.xml.rels
18:04:05.292 [main] DEBUG org.apache.poi.openxml4j.opc.PackageRelationshipCollection - Parsing relationship: /xl/worksheets/_rels/sheet1.xml.rels
18:04:05.292 [main] DEBUG org.apache.poi.openxml4j.opc.PackageRelationshipCollection - Parsing relationship: /_rels/.rels
18:04:05.298 [main] DEBUG org.apache.poi.ooxml.POIXMLFactory - using default POIXMLDocumentPart for http://schemas.openxmlformats.org/officeDocument/2006/relationships/printerSettings
18:04:05.308 [main] DEBUG org.apache.poi.openxml4j.opc.PackageRelationshipCollection - Parsing relationship: /xl/_rels/workbook.xml.rels
18:04:05.309 [main] DEBUG org.apache.poi.openxml4j.opc.PackageRelationshipCollection - Parsing relationship: /xl/worksheets/_rels/sheet1.xml.rels
18:04:05.310 [main] DEBUG org.apache.poi.openxml4j.opc.PackageRelationshipCollection - Parsing relationship: /_rels/.rels
18:04:05.315 [main] DEBUG org.apache.poi.ooxml.POIXMLFactory - using default POIXMLDocumentPart for http://schemas.openxmlformats.org/officeDocument/2006/relationships/printerSettings
18:04:05.325 [main] DEBUG org.apache.poi.openxml4j.opc.PackageRelationshipCollection - Parsing relationship: /xl/_rels/workbook.xml.rels
18:04:05.326 [main] DEBUG org.apache.poi.openxml4j.opc.PackageRelationshipCollection - Parsing relationship: /xl/worksheets/_rels/sheet1.xml.rels
18:04:05.326 [main] DEBUG org.apache.poi.openxml4j.opc.PackageRelationshipCollection - Parsing relationship: /_rels/.rels
18:04:05.331 [main] DEBUG org.apache.poi.ooxml.POIXMLFactory - using default POIXMLDocumentPart for http://schemas.openxmlformats.org/officeDocument/2006/relationships/printerSettings
18:04:05.340 [main] DEBUG org.apache.poi.openxml4j.opc.PackageRelationshipCollection - Parsing relationship: /xl/_rels/workbook.xml.rels
18:04:05.341 [main] DEBUG org.apache.poi.openxml4j.opc.PackageRelationshipCollection - Parsing relationship: /xl/worksheets/_rels/sheet1.xml.rels
18:04:05.343 [main] DEBUG org.apache.poi.openxml4j.opc.PackageRelationshipCollection - Parsing relationship: /_rels/.rels
18:04:05.348 [main] DEBUG org.apache.poi.ooxml.POIXMLFactory - using default POIXMLDocumentPart for http://schemas.openxmlformats.org/officeDocument/2006/relationships/printerSettings
18:04:05.369 [main] DEBUG org.apache.poi.openxml4j.opc.PackageRelationshipCollection - Parsing relationship: /xl/_rels/workbook.xml.rels
18:04:05.370 [main] DEBUG org.apache.poi.openxml4j.opc.PackageRelationshipCollection - Parsing relationship: /xl/worksheets/_rels/sheet1.xml.rels
18:04:05.371 [main] DEBUG org.apache.poi.openxml4j.opc.PackageRelationshipCollection - Parsing relationship: /_rels/.rels
18:04:05.376 [main] DEBUG org.apache.poi.ooxml.POIXMLFactory - using default POIXMLDocumentPart for http://schemas.openxmlformats.org/officeDocument/2006/relationships/printerSettings
18:04:05.382 [main] DEBUG org.apache.poi.openxml4j.opc.PackageRelationshipCollection - Parsing relationship: /xl/_rels/workbook.xml.rels
18:04:05.384 [main] DEBUG org.apache.poi.openxml4j.opc.PackageRelationshipCollection - Parsing relationship: /xl/worksheets/_rels/sheet1.xml.rels
18:04:05.384 [main] DEBUG org.apache.poi.openxml4j.opc.PackageRelationshipCollection - Parsing relationship: /_rels/.rels
18:04:05.389 [main] DEBUG org.apache.poi.ooxml.POIXMLFactory - using default POIXMLDocumentPart for http://schemas.openxmlformats.org/officeDocument/2006/relationships/printerSettings
18:04:05.397 [main] DEBUG org.apache.poi.openxml4j.opc.PackageRelationshipCollection - Parsing relationship: /xl/_rels/workbook.xml.rels
18:04:05.398 [main] DEBUG org.apache.poi.openxml4j.opc.PackageRelationshipCollection - Parsing relationship: /xl/worksheets/_rels/sheet1.xml.rels
18:04:05.398 [main] DEBUG org.apache.poi.openxml4j.opc.PackageRelationshipCollection - Parsing relationship: /_rels/.rels
18:04:05.403 [main] DEBUG org.apache.poi.ooxml.POIXMLFactory - using default POIXMLDocumentPart for http://schemas.openxmlformats.org/officeDocument/2006/relationships/printerSettings
18:04:05.411 [main] DEBUG org.apache.poi.openxml4j.opc.PackageRelationshipCollection - Parsing relationship: /xl/_rels/workbook.xml.rels
18:04:05.412 [main] DEBUG org.apache.poi.openxml4j.opc.PackageRelationshipCollection - Parsing relationship: /xl/worksheets/_rels/sheet1.xml.rels
18:04:05.412 [main] DEBUG org.apache.poi.openxml4j.opc.PackageRelationshipCollection - Parsing relationship: /_rels/.rels
18:04:05.416 [main] DEBUG org.apache.poi.ooxml.POIXMLFactory - using default POIXMLDocumentPart for http://schemas.openxmlformats.org/officeDocument/2006/relationships/printerSettings
18:04:05.424 [main] DEBUG org.apache.poi.openxml4j.opc.PackageRelationshipCollection - Parsing relationship: /xl/_rels/workbook.xml.rels
18:04:05.425 [main] DEBUG org.apache.poi.openxml4j.opc.PackageRelationshipCollection - Parsing relationship: /xl/worksheets/_rels/sheet1.xml.rels
18:04:05.426 [main] DEBUG org.apache.poi.openxml4j.opc.PackageRelationshipCollection - Parsing relationship: /_rels/.rels
18:04:05.430 [main] DEBUG org.apache.poi.ooxml.POIXMLFactory - using default POIXMLDocumentPart for http://schemas.openxmlformats.org/officeDocument/2006/relationships/printerSettings
18:04:05.439 [main] DEBUG org.apache.poi.openxml4j.opc.PackageRelationshipCollection - Parsing relationship: /xl/_rels/workbook.xml.rels
18:04:05.440 [main] DEBUG org.apache.poi.openxml4j.opc.PackageRelationshipCollection - Parsing relationship: /xl/worksheets/_rels/sheet1.xml.rels
18:04:05.440 [main] DEBUG org.apache.poi.openxml4j.opc.PackageRelationshipCollection - Parsing relationship: /_rels/.rels
18:04:05.446 [main] DEBUG org.apache.poi.ooxml.POIXMLFactory - using default POIXMLDocumentPart for http://schemas.openxmlformats.org/officeDocument/2006/relationships/printerSettings
18:04:05.455 [main] DEBUG org.apache.poi.openxml4j.opc.PackageRelationshipCollection - Parsing relationship: /xl/_rels/workbook.xml.rels
18:04:05.455 [main] DEBUG org.apache.poi.openxml4j.opc.PackageRelationshipCollection - Parsing relationship: /xl/worksheets/_rels/sheet1.xml.rels
18:04:05.456 [main] DEBUG org.apache.poi.openxml4j.opc.PackageRelationshipCollection - Parsing relationship: /_rels/.rels
18:04:05.461 [main] DEBUG org.apache.poi.ooxml.POIXMLFactory - using default POIXMLDocumentPart for http://schemas.openxmlformats.org/officeDocument/2006/relationships/printerSettings
18:04:05.470 [main] DEBUG org.apache.poi.openxml4j.opc.PackageRelationshipCollection - Parsing relationship: /xl/_rels/workbook.xml.rels
18:04:05.471 [main] DEBUG org.apache.poi.openxml4j.opc.PackageRelationshipCollection - Parsing relationship: /xl/worksheets/_rels/sheet1.xml.rels
18:04:05.471 [main] DEBUG org.apache.poi.openxml4j.opc.PackageRelationshipCollection - Parsing relationship: /_rels/.rels
18:04:05.476 [main] DEBUG org.apache.poi.ooxml.POIXMLFactory - using default POIXMLDocumentPart for http://schemas.openxmlformats.org/officeDocument/2006/relationships/printerSettings
18:04:05.484 [main] DEBUG org.apache.poi.openxml4j.opc.PackageRelationshipCollection - Parsing relationship: /xl/_rels/workbook.xml.rels
18:04:05.485 [main] DEBUG org.apache.poi.openxml4j.opc.PackageRelationshipCollection - Parsing relationship: /xl/worksheets/_rels/sheet1.xml.rels
18:04:05.485 [main] DEBUG org.apache.poi.openxml4j.opc.PackageRelationshipCollection - Parsing relationship: /_rels/.rels
18:04:05.497 [main] DEBUG org.apache.poi.ooxml.POIXMLFactory - using default POIXMLDocumentPart for http://schemas.openxmlformats.org/officeDocument/2006/relationships/printerSettings
18:04:05.506 [main] DEBUG org.apache.poi.openxml4j.opc.PackageRelationshipCollection - Parsing relationship: /xl/_rels/workbook.xml.rels
18:04:05.507 [main] DEBUG org.apache.poi.openxml4j.opc.PackageRelationshipCollection - Parsing relationship: /xl/worksheets/_rels/sheet1.xml.rels
18:04:05.507 [main] DEBUG org.apache.poi.openxml4j.opc.PackageRelationshipCollection - Parsing relationship: /_rels/.rels
18:04:05.512 [main] DEBUG org.apache.poi.ooxml.POIXMLFactory - using default POIXMLDocumentPart for http://schemas.openxmlformats.org/officeDocument/2006/relationships/printerSettings
18:04:05.520 [main] DEBUG org.apache.poi.openxml4j.opc.PackageRelationshipCollection - Parsing relationship: /xl/_rels/workbook.xml.rels
18:04:05.521 [main] DEBUG org.apache.poi.openxml4j.opc.PackageRelationshipCollection - Parsing relationship: /xl/worksheets/_rels/sheet1.xml.rels
18:04:05.523 [main] DEBUG org.apache.poi.openxml4j.opc.PackageRelationshipCollection - Parsing relationship: /_rels/.rels
18:04:05.527 [main] DEBUG org.apache.poi.ooxml.POIXMLFactory - using default POIXMLDocumentPart for http://schemas.openxmlformats.org/officeDocument/2006/relationships/printerSettings
18:04:05.534 [main] DEBUG org.apache.poi.openxml4j.opc.PackageRelationshipCollection - Parsing relationship: /xl/_rels/workbook.xml.rels
18:04:05.534 [main] DEBUG org.apache.poi.openxml4j.opc.PackageRelationshipCollection - Parsing relationship: /xl/worksheets/_rels/sheet1.xml.rels
18:04:05.535 [main] DEBUG org.apache.poi.openxml4j.opc.PackageRelationshipCollection - Parsing relationship: /_rels/.rels
18:04:05.539 [main] DEBUG org.apache.poi.ooxml.POIXMLFactory - using default POIXMLDocumentPart for http://schemas.openxmlformats.org/officeDocument/2006/relationships/printerSettings
18:04:05.547 [main] DEBUG org.apache.poi.openxml4j.opc.PackageRelationshipCollection - Parsing relationship: /xl/_rels/workbook.xml.rels
18:04:05.547 [main] DEBUG org.apache.poi.openxml4j.opc.PackageRelationshipCollection - Parsing relationship: /xl/worksheets/_rels/sheet1.xml.rels
18:04:05.548 [main] DEBUG org.apache.poi.openxml4j.opc.PackageRelationshipCollection - Parsing relationship: /_rels/.rels
18:04:05.552 [main] DEBUG org.apache.poi.ooxml.POIXMLFactory - using default POIXMLDocumentPart for http://schemas.openxmlformats.org/officeDocument/2006/relationships/printerSettings
18:04:05.559 [main] DEBUG org.apache.poi.openxml4j.opc.PackageRelationshipCollection - Parsing relationship: /xl/_rels/workbook.xml.rels
18:04:05.560 [main] DEBUG org.apache.poi.openxml4j.opc.PackageRelationshipCollection - Parsing relationship: /xl/worksheets/_rels/sheet1.xml.rels
18:04:05.560 [main] DEBUG org.apache.poi.openxml4j.opc.PackageRelationshipCollection - Parsing relationship: /_rels/.rels
18:04:05.564 [main] DEBUG org.apache.poi.ooxml.POIXMLFactory - using default POIXMLDocumentPart for http://schemas.openxmlformats.org/officeDocument/2006/relationships/printerSettings
18:04:05.570 [main] DEBUG org.apache.poi.openxml4j.opc.PackageRelationshipCollection - Parsing relationship: /xl/_rels/workbook.xml.rels
18:04:05.571 [main] DEBUG org.apache.poi.openxml4j.opc.PackageRelationshipCollection - Parsing relationship: /xl/worksheets/_rels/sheet1.xml.rels
18:04:05.571 [main] DEBUG org.apache.poi.openxml4j.opc.PackageRelationshipCollection - Parsing relationship: /_rels/.rels
18:04:05.576 [main] DEBUG org.apache.poi.ooxml.POIXMLFactory - using default POIXMLDocumentPart for http://schemas.openxmlformats.org/officeDocument/2006/relationships/printerSettings
18:04:05.582 [main] DEBUG org.apache.poi.openxml4j.opc.PackageRelationshipCollection - Parsing relationship: /xl/_rels/workbook.xml.rels
18:04:05.582 [main] DEBUG org.apache.poi.openxml4j.opc.PackageRelationshipCollection - Parsing relationship: /xl/worksheets/_rels/sheet1.xml.rels
18:04:05.583 [main] DEBUG org.apache.poi.openxml4j.opc.PackageRelationshipCollection - Parsing relationship: /_rels/.rels
18:04:05.588 [main] DEBUG org.apache.poi.ooxml.POIXMLFactory - using default POIXMLDocumentPart for http://schemas.openxmlformats.org/officeDocument/2006/relationships/printerSettings
18:04:05.598 [main] DEBUG org.apache.poi.openxml4j.opc.PackageRelationshipCollection - Parsing relationship: /xl/_rels/workbook.xml.rels
18:04:05.599 [main] DEBUG org.apache.poi.openxml4j.opc.PackageRelationshipCollection - Parsing relationship: /xl/worksheets/_rels/sheet1.xml.rels
18:04:05.599 [main] DEBUG org.apache.poi.openxml4j.opc.PackageRelationshipCollection - Parsing relationship: /_rels/.rels
18:04:05.603 [main] DEBUG org.apache.poi.ooxml.POIXMLFactory - using default POIXMLDocumentPart for http://schemas.openxmlformats.org/officeDocument/2006/relationships/printerSettings
18:04:05.607 [main] DEBUG org.apache.poi.openxml4j.opc.PackageRelationshipCollection - Parsing relationship: /xl/_rels/workbook.xml.rels
18:04:05.607 [main] DEBUG org.apache.poi.openxml4j.opc.PackageRelationshipCollection - Parsing relationship: /xl/worksheets/_rels/sheet1.xml.rels
18:04:05.608 [main] DEBUG org.apache.poi.openxml4j.opc.PackageRelationshipCollection - Parsing relationship: /_rels/.rels
18:04:05.611 [main] DEBUG org.apache.poi.ooxml.POIXMLFactory - using default POIXMLDocumentPart for http://schemas.openxmlformats.org/officeDocument/2006/relationships/printerSettings
18:04:05.615 [main] DEBUG org.apache.poi.openxml4j.opc.PackageRelationshipCollection - Parsing relationship: /xl/_rels/workbook.xml.rels
18:04:05.615 [main] DEBUG org.apache.poi.openxml4j.opc.PackageRelationshipCollection - Parsing relationship: /xl/worksheets/_rels/sheet1.xml.rels
18:04:05.615 [main] DEBUG org.apache.poi.openxml4j.opc.PackageRelationshipCollection - Parsing relationship: /_rels/.rels
18:04:05.622 [main] DEBUG org.apache.poi.ooxml.POIXMLFactory - using default POIXMLDocumentPart for http://schemas.openxmlformats.org/officeDocument/2006/relationships/printerSettings
18:04:05.626 [main] DEBUG org.apache.poi.openxml4j.opc.PackageRelationshipCollection - Parsing relationship: /xl/_rels/workbook.xml.rels
18:04:05.627 [main] DEBUG org.apache.poi.openxml4j.opc.PackageRelationshipCollection - Parsing relationship: /xl/worksheets/_rels/sheet1.xml.rels
18:04:05.627 [main] DEBUG org.apache.poi.openxml4j.opc.PackageRelationshipCollection - Parsing relationship: /_rels/.rels
18:04:05.629 [main] DEBUG org.apache.poi.ooxml.POIXMLFactory - using default POIXMLDocumentPart for http://schemas.openxmlformats.org/officeDocument/2006/relationships/printerSettings
18:04:16.157 [main] DEBUG org.apache.poi.openxml4j.opc.PackageRelationshipCollection - Parsing relationship: /xl/_rels/workbook.xml.rels
18:04:16.160 [main] DEBUG org.apache.poi.openxml4j.opc.PackageRelationshipCollection - Parsing relationship: /xl/worksheets/_rels/sheet1.xml.rels
18:04:16.161 [main] DEBUG org.apache.poi.openxml4j.opc.PackageRelationshipCollection - Parsing relationship: /_rels/.rels
18:04:16.413 [main] DEBUG org.apache.poi.ooxml.POIXMLFactory - using default POIXMLDocumentPart for http://schemas.openxmlformats.org/officeDocument/2006/relationships/printerSettings
18:04:16.475 [main] DEBUG org.apache.poi.openxml4j.opc.PackageRelationshipCollection - Parsing relationship: /xl/_rels/workbook.xml.rels
18:04:16.476 [main] DEBUG org.apache.poi.openxml4j.opc.PackageRelationshipCollection - Parsing relationship: /xl/worksheets/_rels/sheet1.xml.rels
18:04:16.476 [main] DEBUG org.apache.poi.openxml4j.opc.PackageRelationshipCollection - Parsing relationship: /_rels/.rels
18:04:16.484 [main] DEBUG org.apache.poi.ooxml.POIXMLFactory - using default POIXMLDocumentPart for http://schemas.openxmlformats.org/officeDocument/2006/relationships/printerSettings
18:04:16.502 [main] DEBUG org.apache.poi.openxml4j.opc.PackageRelationshipCollection - Parsing relationship: /xl/_rels/workbook.xml.rels
18:04:16.503 [main] DEBUG org.apache.poi.openxml4j.opc.PackageRelationshipCollection - Parsing relationship: /xl/worksheets/_rels/sheet1.xml.rels
18:04:16.503 [main] DEBUG org.apache.poi.openxml4j.opc.PackageRelationshipCollection - Parsing relationship: /_rels/.rels
18:04:16.511 [main] DEBUG org.apache.poi.ooxml.POIXMLFactory - using default POIXMLDocumentPart for http://schemas.openxmlformats.org/officeDocument/2006/relationships/printerSettings
18:04:16.524 [main] DEBUG org.apache.poi.openxml4j.opc.PackageRelationshipCollection - Parsing relationship: /xl/_rels/workbook.xml.rels
18:04:16.525 [main] DEBUG org.apache.poi.openxml4j.opc.PackageRelationshipCollection - Parsing relationship: /xl/worksheets/_rels/sheet1.xml.rels
18:04:16.525 [main] DEBUG org.apache.poi.openxml4j.opc.PackageRelationshipCollection - Parsing relationship: /_rels/.rels
18:04:16.532 [main] DEBUG org.apache.poi.ooxml.POIXMLFactory - using default POIXMLDocumentPart for http://schemas.openxmlformats.org/officeDocument/2006/relationships/printerSettings
18:04:16.546 [main] DEBUG org.apache.poi.openxml4j.opc.PackageRelationshipCollection - Parsing relationship: /xl/_rels/workbook.xml.rels
18:04:16.547 [main] DEBUG org.apache.poi.openxml4j.opc.PackageRelationshipCollection - Parsing relationship: /xl/worksheets/_rels/sheet1.xml.rels
18:04:16.548 [main] DEBUG org.apache.poi.openxml4j.opc.PackageRelationshipCollection - Parsing relationship: /_rels/.rels
18:04:16.554 [main] DEBUG org.apache.poi.ooxml.POIXMLFactory - using default POIXMLDocumentPart for http://schemas.openxmlformats.org/officeDocument/2006/relationships/printerSettings
18:04:16.562 [main] DEBUG org.apache.poi.openxml4j.opc.PackageRelationshipCollection - Parsing relationship: /xl/_rels/workbook.xml.rels
18:04:16.563 [main] DEBUG org.apache.poi.openxml4j.opc.PackageRelationshipCollection - Parsing relationship: /xl/worksheets/_rels/sheet1.xml.rels
18:04:16.564 [main] DEBUG org.apache.poi.openxml4j.opc.PackageRelationshipCollection - Parsing relationship: /_rels/.rels
18:04:16.570 [main] DEBUG org.apache.poi.ooxml.POIXMLFactory - using default POIXMLDocumentPart for http://schemas.openxmlformats.org/officeDocument/2006/relationships/printerSettings
18:04:16.578 [main] DEBUG org.apache.poi.openxml4j.opc.PackageRelationshipCollection - Parsing relationship: /xl/_rels/workbook.xml.rels
18:04:16.579 [main] DEBUG org.apache.poi.openxml4j.opc.PackageRelationshipCollection - Parsing relationship: /xl/worksheets/_rels/sheet1.xml.rels
18:04:16.580 [main] DEBUG org.apache.poi.openxml4j.opc.PackageRelationshipCollection - Parsing relationship: /_rels/.rels
18:04:16.589 [main] DEBUG org.apache.poi.ooxml.POIXMLFactory - using default POIXMLDocumentPart for http://schemas.openxmlformats.org/officeDocument/2006/relationships/printerSettings
18:04:16.611 [main] DEBUG org.apache.poi.openxml4j.opc.PackageRelationshipCollection - Parsing relationship: /xl/_rels/workbook.xml.rels
18:04:16.612 [main] DEBUG org.apache.poi.openxml4j.opc.PackageRelationshipCollection - Parsing relationship: /xl/worksheets/_rels/sheet1.xml.rels
18:04:16.613 [main] DEBUG org.apache.poi.openxml4j.opc.PackageRelationshipCollection - Parsing relationship: /_rels/.rels
18:04:16.618 [main] DEBUG org.apache.poi.ooxml.POIXMLFactory - using default POIXMLDocumentPart for http://schemas.openxmlformats.org/officeDocument/2006/relationships/printerSettings
18:04:16.626 [main] DEBUG org.apache.poi.openxml4j.opc.PackageRelationshipCollection - Parsing relationship: /xl/_rels/workbook.xml.rels
18:04:16.626 [main] DEBUG org.apache.poi.openxml4j.opc.PackageRelationshipCollection - Parsing relationship: /xl/worksheets/_rels/sheet1.xml.rels
18:04:16.626 [main] DEBUG org.apache.poi.openxml4j.opc.PackageRelationshipCollection - Parsing relationship: /_rels/.rels
18:04:16.632 [main] DEBUG org.apache.poi.ooxml.POIXMLFactory - using default POIXMLDocumentPart for http://schemas.openxmlformats.org/officeDocument/2006/relationships/printerSettings
18:04:16.640 [main] DEBUG org.apache.poi.openxml4j.opc.PackageRelationshipCollection - Parsing relationship: /xl/_rels/workbook.xml.rels
18:04:16.640 [main] DEBUG org.apache.poi.openxml4j.opc.PackageRelationshipCollection - Parsing relationship: /xl/worksheets/_rels/sheet1.xml.rels
18:04:16.641 [main] DEBUG org.apache.poi.openxml4j.opc.PackageRelationshipCollection - Parsing relationship: /_rels/.rels
18:04:16.647 [main] DEBUG org.apache.poi.ooxml.POIXMLFactory - using default POIXMLDocumentPart for http://schemas.openxmlformats.org/officeDocument/2006/relationships/printerSettings
18:04:16.658 [main] DEBUG org.apache.poi.openxml4j.opc.PackageRelationshipCollection - Parsing relationship: /xl/_rels/workbook.xml.rels
18:04:16.659 [main] DEBUG org.apache.poi.openxml4j.opc.PackageRelationshipCollection - Parsing relationship: /xl/worksheets/_rels/sheet1.xml.rels
18:04:16.660 [main] DEBUG org.apache.poi.openxml4j.opc.PackageRelationshipCollection - Parsing relationship: /_rels/.rels
18:04:16.664 [main] DEBUG org.apache.poi.ooxml.POIXMLFactory - using default POIXMLDocumentPart for http://schemas.openxmlformats.org/officeDocument/2006/relationships/printerSettings
18:04:16.671 [main] DEBUG org.apache.poi.openxml4j.opc.PackageRelationshipCollection - Parsing relationship: /xl/_rels/workbook.xml.rels
18:04:16.672 [main] DEBUG org.apache.poi.openxml4j.opc.PackageRelationshipCollection - Parsing relationship: /xl/worksheets/_rels/sheet1.xml.rels
18:04:16.672 [main] DEBUG org.apache.poi.openxml4j.opc.PackageRelationshipCollection - Parsing relationship: /_rels/.rels
18:04:16.677 [main] DEBUG org.apache.poi.ooxml.POIXMLFactory - using default POIXMLDocumentPart for http://schemas.openxmlformats.org/officeDocument/2006/relationships/printerSettings
18:04:16.685 [main] DEBUG org.apache.poi.openxml4j.opc.PackageRelationshipCollection - Parsing relationship: /xl/_rels/workbook.xml.rels
18:04:16.685 [main] DEBUG org.apache.poi.openxml4j.opc.PackageRelationshipCollection - Parsing relationship: /xl/worksheets/_rels/sheet1.xml.rels
18:04:16.686 [main] DEBUG org.apache.poi.openxml4j.opc.PackageRelationshipCollection - Parsing relationship: /_rels/.rels
18:04:16.692 [main] DEBUG org.apache.poi.ooxml.POIXMLFactory - using default POIXMLDocumentPart for http://schemas.openxmlformats.org/officeDocument/2006/relationships/printerSettings
18:04:16.700 [main] DEBUG org.apache.poi.openxml4j.opc.PackageRelationshipCollection - Parsing relationship: /xl/_rels/workbook.xml.rels
18:04:16.701 [main] DEBUG org.apache.poi.openxml4j.opc.PackageRelationshipCollection - Parsing relationship: /xl/worksheets/_rels/sheet1.xml.rels
18:04:16.701 [main] DEBUG org.apache.poi.openxml4j.opc.PackageRelationshipCollection - Parsing relationship: /_rels/.rels
18:04:16.706 [main] DEBUG org.apache.poi.ooxml.POIXMLFactory - using default POIXMLDocumentPart for http://schemas.openxmlformats.org/officeDocument/2006/relationships/printerSettings
18:04:16.712 [main] DEBUG org.apache.poi.openxml4j.opc.PackageRelationshipCollection - Parsing relationship: /xl/_rels/workbook.xml.rels
18:04:16.713 [main] DEBUG org.apache.poi.openxml4j.opc.PackageRelationshipCollection - Parsing relationship: /xl/worksheets/_rels/sheet1.xml.rels
18:04:16.713 [main] DEBUG org.apache.poi.openxml4j.opc.PackageRelationshipCollection - Parsing relationship: /_rels/.rels
18:04:16.717 [main] DEBUG org.apache.poi.ooxml.POIXMLFactory - using default POIXMLDocumentPart for http://schemas.openxmlformats.org/officeDocument/2006/relationships/printerSettings
18:04:16.725 [main] DEBUG org.apache.poi.openxml4j.opc.PackageRelationshipCollection - Parsing relationship: /xl/_rels/workbook.xml.rels
18:04:16.725 [main] DEBUG org.apache.poi.openxml4j.opc.PackageRelationshipCollection - Parsing relationship: /xl/worksheets/_rels/sheet1.xml.rels
18:04:16.726 [main] DEBUG org.apache.poi.openxml4j.opc.PackageRelationshipCollection - Parsing relationship: /_rels/.rels
18:04:16.732 [main] DEBUG org.apache.poi.ooxml.POIXMLFactory - using default POIXMLDocumentPart for http://schemas.openxmlformats.org/officeDocument/2006/relationships/printerSettings
18:04:16.738 [main] DEBUG org.apache.poi.openxml4j.opc.PackageRelationshipCollection - Parsing relationship: /xl/_rels/workbook.xml.rels
18:04:16.739 [main] DEBUG org.apache.poi.openxml4j.opc.PackageRelationshipCollection - Parsing relationship: /xl/worksheets/_rels/sheet1.xml.rels
18:04:16.740 [main] DEBUG org.apache.poi.openxml4j.opc.PackageRelationshipCollection - Parsing relationship: /_rels/.rels
18:04:16.744 [main] DEBUG org.apache.poi.ooxml.POIXMLFactory - using default POIXMLDocumentPart for http://schemas.openxmlformats.org/officeDocument/2006/relationships/printerSettings
18:04:16.750 [main] DEBUG org.apache.poi.openxml4j.opc.PackageRelationshipCollection - Parsing relationship: /xl/_rels/workbook.xml.rels
18:04:16.751 [main] DEBUG org.apache.poi.openxml4j.opc.PackageRelationshipCollection - Parsing relationship: /xl/worksheets/_rels/sheet1.xml.rels
18:04:16.751 [main] DEBUG org.apache.poi.openxml4j.opc.PackageRelationshipCollection - Parsing relationship: /_rels/.rels
18:04:16.756 [main] DEBUG org.apache.poi.ooxml.POIXMLFactory - using default POIXMLDocumentPart for http://schemas.openxmlformats.org/officeDocument/2006/relationships/printerSettings
18:04:16.763 [main] DEBUG org.apache.poi.openxml4j.opc.PackageRelationshipCollection - Parsing relationship: /xl/_rels/workbook.xml.rels
18:04:16.763 [main] DEBUG org.apache.poi.openxml4j.opc.PackageRelationshipCollection - Parsing relationship: /xl/worksheets/_rels/sheet1.xml.rels
18:04:16.763 [main] DEBUG org.apache.poi.openxml4j.opc.PackageRelationshipCollection - Parsing relationship: /_rels/.rels
18:04:16.768 [main] DEBUG org.apache.poi.ooxml.POIXMLFactory - using default POIXMLDocumentPart for http://schemas.openxmlformats.org/officeDocument/2006/relationships/printerSettings
18:04:16.776 [main] DEBUG org.apache.poi.openxml4j.opc.PackageRelationshipCollection - Parsing relationship: /xl/_rels/workbook.xml.rels
18:04:16.776 [main] DEBUG org.apache.poi.openxml4j.opc.PackageRelationshipCollection - Parsing relationship: /xl/worksheets/_rels/sheet1.xml.rels
18:04:16.776 [main] DEBUG org.apache.poi.openxml4j.opc.PackageRelationshipCollection - Parsing relationship: /_rels/.rels
18:04:16.780 [main] DEBUG org.apache.poi.ooxml.POIXMLFactory - using default POIXMLDocumentPart for http://schemas.openxmlformats.org/officeDocument/2006/relationships/printerSettings
18:04:16.788 [main] DEBUG org.apache.poi.openxml4j.opc.PackageRelationshipCollection - Parsing relationship: /xl/_rels/workbook.xml.rels
18:04:16.788 [main] DEBUG org.apache.poi.openxml4j.opc.PackageRelationshipCollection - Parsing relationship: /xl/worksheets/_rels/sheet1.xml.rels
18:04:16.789 [main] DEBUG org.apache.poi.openxml4j.opc.PackageRelationshipCollection - Parsing relationship: /_rels/.rels
18:04:16.792 [main] DEBUG org.apache.poi.ooxml.POIXMLFactory - using default POIXMLDocumentPart for http://schemas.openxmlformats.org/officeDocument/2006/relationships/printerSettings
18:04:16.798 [main] DEBUG org.apache.poi.openxml4j.opc.PackageRelationshipCollection - Parsing relationship: /xl/_rels/workbook.xml.rels
18:04:16.799 [main] DEBUG org.apache.poi.openxml4j.opc.PackageRelationshipCollection - Parsing relationship: /xl/worksheets/_rels/sheet1.xml.rels
18:04:16.799 [main] DEBUG org.apache.poi.openxml4j.opc.PackageRelationshipCollection - Parsing relationship: /_rels/.rels
18:04:16.805 [main] DEBUG org.apache.poi.ooxml.POIXMLFactory - using default POIXMLDocumentPart for http://schemas.openxmlformats.org/officeDocument/2006/relationships/printerSettings
18:04:16.815 [main] DEBUG org.apache.poi.openxml4j.opc.PackageRelationshipCollection - Parsing relationship: /xl/_rels/workbook.xml.rels
18:04:16.815 [main] DEBUG org.apache.poi.openxml4j.opc.PackageRelationshipCollection - Parsing relationship: /xl/worksheets/_rels/sheet1.xml.rels
18:04:16.816 [main] DEBUG org.apache.poi.openxml4j.opc.PackageRelationshipCollection - Parsing relationship: /_rels/.rels
18:04:16.820 [main] DEBUG org.apache.poi.ooxml.POIXMLFactory - using default POIXMLDocumentPart for http://schemas.openxmlformats.org/officeDocument/2006/relationships/printerSettings
18:04:16.826 [main] DEBUG org.apache.poi.openxml4j.opc.PackageRelationshipCollection - Parsing relationship: /xl/_rels/workbook.xml.rels
18:04:16.826 [main] DEBUG org.apache.poi.openxml4j.opc.PackageRelationshipCollection - Parsing relationship: /xl/worksheets/_rels/sheet1.xml.rels
18:04:16.827 [main] DEBUG org.apache.poi.openxml4j.opc.PackageRelationshipCollection - Parsing relationship: /_rels/.rels
18:04:16.830 [main] DEBUG org.apache.poi.ooxml.POIXMLFactory - using default POIXMLDocumentPart for http://schemas.openxmlformats.org/officeDocument/2006/relationships/printerSettings
18:04:16.835 [main] DEBUG org.apache.poi.openxml4j.opc.PackageRelationshipCollection - Parsing relationship: /xl/_rels/workbook.xml.rels
18:04:16.836 [main] DEBUG org.apache.poi.openxml4j.opc.PackageRelationshipCollection - Parsing relationship: /xl/worksheets/_rels/sheet1.xml.rels
18:04:16.836 [main] DEBUG org.apache.poi.openxml4j.opc.PackageRelationshipCollection - Parsing relationship: /_rels/.rels
18:04:16.839 [main] DEBUG org.apache.poi.ooxml.POIXMLFactory - using default POIXMLDocumentPart for http://schemas.openxmlformats.org/officeDocument/2006/relationships/printerSettings
18:04:16.845 [main] DEBUG org.apache.poi.openxml4j.opc.PackageRelationshipCollection - Parsing relationship: /xl/_rels/workbook.xml.rels
18:04:16.845 [main] DEBUG org.apache.poi.openxml4j.opc.PackageRelationshipCollection - Parsing relationship: /xl/worksheets/_rels/sheet1.xml.rels
18:04:16.846 [main] DEBUG org.apache.poi.openxml4j.opc.PackageRelationshipCollection - Parsing relationship: /_rels/.rels
18:04:16.851 [main] DEBUG org.apache.poi.ooxml.POIXMLFactory - using default POIXMLDocumentPart for http://schemas.openxmlformats.org/officeDocument/2006/relationships/printerSettings
18:04:16.857 [main] DEBUG org.apache.poi.openxml4j.opc.PackageRelationshipCollection - Parsing relationship: /xl/_rels/workbook.xml.rels
18:04:16.858 [main] DEBUG org.apache.poi.openxml4j.opc.PackageRelationshipCollection - Parsing relationship: /xl/worksheets/_rels/sheet1.xml.rels
18:04:16.858 [main] DEBUG org.apache.poi.openxml4j.opc.PackageRelationshipCollection - Parsing relationship: /_rels/.rels
18:04:16.862 [main] DEBUG org.apache.poi.ooxml.POIXMLFactory - using default POIXMLDocumentPart for http://schemas.openxmlformats.org/officeDocument/2006/relationships/printerSettings
19:31:25.771 [main] DEBUG api.test.UserTests - debugging.....
19:31:25.779 [main] INFO  api.test.UserTests - ********** Creating user  ***************
19:31:29.446 [main] INFO  api.test.UserTests - **********User is created  ***************
19:31:29.476 [main] INFO  api.test.UserTests - ********** Reading User Info ***************
19:31:30.655 [main] INFO  api.test.UserTests - **********User info  is displayed ***************
19:31:30.658 [main] INFO  api.test.UserTests - ********** Updating User ***************
19:31:31.665 [main] INFO  api.test.UserTests - ********** User updated ***************
19:31:32.997 [main] INFO  api.test.UserTests - **********   Deleting User  ***************
19:31:34.119 [main] INFO  api.test.UserTests - ********** User deleted ***************
19:31:34.248 [main] DEBUG api.test.UserTests2 - debugging.....
19:31:34.249 [main] INFO  api.test.UserTests2 - ********** Creating user  ***************
19:31:36.581 [main] INFO  api.test.UserTests2 - **********User is created  ***************
19:31:36.583 [main] INFO  api.test.UserTests2 - ********** Reading User Info ***************
19:31:38.343 [main] INFO  api.test.UserTests2 - **********User info  is displayed ***************
19:31:38.347 [main] INFO  api.test.UserTests2 - ********** Updating User ***************
19:31:42.005 [main] INFO  api.test.UserTests2 - ********** User updated ***************
19:31:43.890 [main] INFO  api.test.UserTests2 - **********   Deleting User  ***************
19:31:45.255 [main] INFO  api.test.UserTests2 - ********** User deleted ***************
19:33:46.691 [main] DEBUG api.test.UserTests - debugging.....
19:33:46.715 [main] INFO  api.test.UserTests - ********** Creating user  ***************
19:33:50.926 [main] INFO  api.test.UserTests - **********User is created  ***************
19:33:50.944 [main] INFO  api.test.UserTests - ********** Reading User Info ***************
19:33:53.590 [main] INFO  api.test.UserTests - **********User info  is displayed ***************
19:33:53.592 [main] INFO  api.test.UserTests - ********** Updating User ***************
19:33:54.820 [main] INFO  api.test.UserTests - ********** User updated ***************
19:33:56.563 [main] INFO  api.test.UserTests - **********   Deleting User  ***************
19:33:58.316 [main] INFO  api.test.UserTests - ********** User deleted ***************
19:33:58.380 [main] DEBUG api.test.UserTests2 - debugging.....
19:33:58.382 [main] INFO  api.test.UserTests2 - ********** Creating user  ***************
19:33:59.940 [main] INFO  api.test.UserTests2 - **********User is created  ***************
19:33:59.943 [main] INFO  api.test.UserTests2 - ********** Reading User Info ***************
19:34:01.172 [main] INFO  api.test.UserTests2 - **********User info  is displayed ***************
19:34:01.174 [main] INFO  api.test.UserTests2 - ********** Updating User ***************
19:34:02.705 [main] INFO  api.test.UserTests2 - ********** User updated ***************
19:34:04.226 [main] INFO  api.test.UserTests2 - **********   Deleting User  ***************
19:34:05.215 [main] INFO  api.test.UserTests2 - ********** User deleted ***************
19:36:02.201 [main] DEBUG api.test.UserTests2 - debugging.....
19:36:02.209 [main] INFO  api.test.UserTests2 - ********** Creating user  ***************
19:36:08.741 [main] INFO  api.test.UserTests2 - **********User is created  ***************
19:36:08.749 [main] INFO  api.test.UserTests2 - ********** Reading User Info ***************
19:36:11.326 [main] INFO  api.test.UserTests2 - **********User info  is displayed ***************
19:36:11.330 [main] INFO  api.test.UserTests2 - ********** Updating User ***************
19:36:13.161 [main] INFO  api.test.UserTests2 - ********** User updated ***************
19:36:14.823 [main] INFO  api.test.UserTests2 - **********   Deleting User  ***************
19:36:16.243 [main] INFO  api.test.UserTests2 - ********** User deleted ***************
19:37:14.064 [main] DEBUG api.test.UserTests2 - debugging.....
19:37:14.077 [main] INFO  api.test.UserTests2 - ********** Creating user  ***************
19:37:17.532 [main] INFO  api.test.UserTests2 - **********User is created  ***************
19:37:17.539 [main] INFO  api.test.UserTests2 - ********** Reading User Info ***************
19:37:18.807 [main] INFO  api.test.UserTests2 - **********User info  is displayed ***************
19:37:18.810 [main] INFO  api.test.UserTests2 - ********** Updating User ***************
19:37:20.031 [main] INFO  api.test.UserTests2 - ********** User updated ***************
19:37:21.161 [main] INFO  api.test.UserTests2 - **********   Deleting User  ***************
19:37:22.691 [main] INFO  api.test.UserTests2 - ********** User deleted ***************
19:53:18.707 [main] DEBUG api.test.UserTests2 - debugging.....
19:53:18.718 [main] INFO  api.test.UserTests2 - ********** Creating user  ***************
19:53:22.236 [main] INFO  api.test.UserTests2 - **********User is created  ***************
19:53:22.239 [main] INFO  api.test.UserTests2 - ********** Reading User Info ***************
19:53:23.625 [main] INFO  api.test.UserTests2 - **********User info  is displayed ***************
19:53:23.628 [main] INFO  api.test.UserTests2 - ********** Updating User ***************
19:53:25.539 [main] INFO  api.test.UserTests2 - ********** User updated ***************
19:53:27.512 [main] INFO  api.test.UserTests2 - **********   Deleting User  ***************
19:53:29.558 [main] INFO  api.test.UserTests2 - ********** User deleted ***************
19:55:34.373 [main] DEBUG api.test.UserTests2 - debugging.....
19:55:34.380 [main] INFO  api.test.UserTests2 - ********** Creating user  ***************
19:55:39.591 [main] INFO  api.test.UserTests2 - **********User is created  ***************
19:55:39.595 [main] INFO  api.test.UserTests2 - ********** Reading User Info ***************
19:55:41.351 [main] INFO  api.test.UserTests2 - **********User info  is displayed ***************
19:55:41.354 [main] INFO  api.test.UserTests2 - ********** Updating User ***************
19:55:43.085 [main] INFO  api.test.UserTests2 - ********** User updated ***************
19:55:44.830 [main] INFO  api.test.UserTests2 - **********   Deleting User  ***************
19:55:46.679 [main] INFO  api.test.UserTests2 - ********** User deleted ***************
19:56:25.035 [main] DEBUG api.test.UserTests2 - debugging.....
19:56:25.046 [main] INFO  api.test.UserTests2 - ********** Creating user  ***************
19:56:28.130 [main] INFO  api.test.UserTests2 - **********User is created  ***************
19:56:28.137 [main] INFO  api.test.UserTests2 - ********** Reading User Info ***************
19:56:29.220 [main] INFO  api.test.UserTests2 - **********User info  is displayed ***************
19:56:29.223 [main] INFO  api.test.UserTests2 - ********** Updating User ***************
19:56:30.924 [main] INFO  api.test.UserTests2 - ********** User updated ***************
19:56:33.162 [main] INFO  api.test.UserTests2 - **********   Deleting User  ***************
19:56:35.216 [main] INFO  api.test.UserTests2 - ********** User deleted ***************
19:58:12.779 [main] DEBUG api.test.UserTests2 - debugging.....
19:58:12.787 [main] INFO  api.test.UserTests2 - ********** Creating user  ***************
19:58:15.680 [main] INFO  api.test.UserTests2 - **********User is created  ***************
19:58:15.684 [main] INFO  api.test.UserTests2 - ********** Reading User Info ***************
19:58:16.998 [main] INFO  api.test.UserTests2 - **********User info  is displayed ***************
19:58:17.001 [main] INFO  api.test.UserTests2 - ********** Updating User ***************
19:58:19.350 [main] INFO  api.test.UserTests2 - ********** User updated ***************
19:58:22.216 [main] INFO  api.test.UserTests2 - **********   Deleting User  ***************
19:58:23.554 [main] INFO  api.test.UserTests2 - ********** User deleted ***************
19:59:50.445 [main] DEBUG api.test.UserTests2 - debugging.....
19:59:50.453 [main] INFO  api.test.UserTests2 - ********** Creating user  ***************
19:59:54.566 [main] INFO  api.test.UserTests2 - **********User is created  ***************
19:59:54.571 [main] INFO  api.test.UserTests2 - ********** Reading User Info ***************
19:59:56.223 [main] INFO  api.test.UserTests2 - **********User info  is displayed ***************
19:59:56.226 [main] INFO  api.test.UserTests2 - ********** Updating User ***************
19:59:59.599 [main] INFO  api.test.UserTests2 - ********** User updated ***************
20:00:01.647 [main] INFO  api.test.UserTests2 - **********   Deleting User  ***************
20:00:04.523 [main] INFO  api.test.UserTests2 - ********** User deleted ***************
20:00:51.896 [main] DEBUG api.test.UserTests2 - debugging.....
20:00:51.905 [main] INFO  api.test.UserTests2 - ********** Creating user  ***************
20:00:55.209 [main] INFO  api.test.UserTests2 - **********User is created  ***************
20:00:55.217 [main] INFO  api.test.UserTests2 - ********** Reading User Info ***************
20:00:57.253 [main] INFO  api.test.UserTests2 - **********User info  is displayed ***************
20:00:57.257 [main] INFO  api.test.UserTests2 - ********** Updating User ***************
20:00:58.790 [main] INFO  api.test.UserTests2 - ********** User updated ***************
20:01:00.658 [main] INFO  api.test.UserTests2 - **********   Deleting User  ***************
20:01:02.011 [main] INFO  api.test.UserTests2 - ********** User deleted ***************
20:02:11.609 [main] DEBUG api.test.UserTests2 - debugging.....
20:02:11.618 [main] INFO  api.test.UserTests2 - ********** Creating user  ***************
20:02:15.719 [main] INFO  api.test.UserTests2 - **********User is created  ***************
20:02:15.726 [main] INFO  api.test.UserTests2 - ********** Reading User Info ***************
20:02:17.026 [main] INFO  api.test.UserTests2 - **********User info  is displayed ***************
20:02:17.030 [main] INFO  api.test.UserTests2 - ********** Updating User ***************
20:02:20.399 [main] INFO  api.test.UserTests2 - ********** User updated ***************
20:02:22.266 [main] INFO  api.test.UserTests2 - **********   Deleting User  ***************
20:02:23.580 [main] INFO  api.test.UserTests2 - ********** User deleted ***************
20:03:10.699 [main] DEBUG api.test.UserTests2 - debugging.....
20:03:10.709 [main] INFO  api.test.UserTests2 - ********** Creating user  ***************
20:03:14.365 [main] INFO  api.test.UserTests2 - **********User is created  ***************
20:03:14.381 [main] INFO  api.test.UserTests2 - ********** Reading User Info ***************
20:03:16.013 [main] INFO  api.test.UserTests2 - **********User info  is displayed ***************
20:03:16.017 [main] INFO  api.test.UserTests2 - ********** Updating User ***************
20:03:17.436 [main] INFO  api.test.UserTests2 - ********** User updated ***************
20:03:18.849 [main] INFO  api.test.UserTests2 - **********   Deleting User  ***************
20:03:20.697 [main] INFO  api.test.UserTests2 - ********** User deleted ***************
20:04:31.005 [main] DEBUG api.test.UserTests - debugging.....
20:04:31.013 [main] INFO  api.test.UserTests - ********** Creating user  ***************
20:04:35.261 [main] INFO  api.test.UserTests - **********User is created  ***************
20:04:35.275 [main] INFO  api.test.UserTests - ********** Reading User Info ***************
20:04:37.108 [main] INFO  api.test.UserTests - **********User info  is displayed ***************
20:04:37.111 [main] INFO  api.test.UserTests - ********** Updating User ***************
20:04:39.047 [main] INFO  api.test.UserTests - ********** User updated ***************
20:04:41.203 [main] INFO  api.test.UserTests - **********   Deleting User  ***************
20:04:43.246 [main] INFO  api.test.UserTests - ********** User deleted ***************
20:04:43.327 [main] DEBUG api.test.UserTests2 - debugging.....
20:04:43.329 [main] INFO  api.test.UserTests2 - ********** Creating user  ***************
20:04:45.911 [main] INFO  api.test.UserTests2 - **********User is created  ***************
20:04:45.913 [main] INFO  api.test.UserTests2 - ********** Reading User Info ***************
20:04:47.650 [main] INFO  api.test.UserTests2 - **********User info  is displayed ***************
20:04:47.652 [main] INFO  api.test.UserTests2 - ********** Updating User ***************
20:04:49.290 [main] INFO  api.test.UserTests2 - ********** User updated ***************
20:04:52.982 [main] INFO  api.test.UserTests2 - **********   Deleting User  ***************
20:04:55.023 [main] INFO  api.test.UserTests2 - ********** User deleted ***************
20:06:09.897 [main] DEBUG api.test.UserTests - debugging.....
20:06:09.905 [main] INFO  api.test.UserTests - ********** Creating user  ***************
20:06:13.063 [main] INFO  api.test.UserTests - **********User is created  ***************
20:06:13.080 [main] INFO  api.test.UserTests - ********** Reading User Info ***************
20:06:15.517 [main] INFO  api.test.UserTests - **********User info  is displayed ***************
20:06:15.520 [main] INFO  api.test.UserTests - ********** Updating User ***************
20:06:17.660 [main] INFO  api.test.UserTests - ********** User updated ***************
20:06:20.324 [main] INFO  api.test.UserTests - **********   Deleting User  ***************
20:06:22.061 [main] INFO  api.test.UserTests - ********** User deleted ***************
20:06:22.156 [main] DEBUG api.test.UserTests2 - debugging.....
20:06:22.157 [main] INFO  api.test.UserTests2 - ********** Creating user  ***************
20:06:23.504 [main] INFO  api.test.UserTests2 - **********User is created  ***************
20:06:23.508 [main] INFO  api.test.UserTests2 - ********** Reading User Info ***************
20:06:25.879 [main] INFO  api.test.UserTests2 - **********User info  is displayed ***************
20:06:25.882 [main] INFO  api.test.UserTests2 - ********** Updating User ***************
20:06:32.204 [main] INFO  api.test.UserTests2 - ********** User updated ***************
20:06:33.943 [main] INFO  api.test.UserTests2 - **********   Deleting User  ***************
20:06:35.274 [main] INFO  api.test.UserTests2 - ********** User deleted ***************
20:09:29.214 [main] DEBUG api.test.UserTests - debugging.....
20:09:29.224 [main] INFO  api.test.UserTests - ********** Creating user  ***************
20:09:33.783 [main] INFO  api.test.UserTests - **********User is created  ***************
20:09:33.794 [main] INFO  api.test.UserTests - ********** Reading User Info ***************
20:09:35.092 [main] INFO  api.test.UserTests - **********User info  is displayed ***************
20:09:35.095 [main] INFO  api.test.UserTests - ********** Updating User ***************
20:09:36.419 [main] INFO  api.test.UserTests - ********** User updated ***************
20:09:38.958 [main] INFO  api.test.UserTests - **********   Deleting User  ***************
20:09:40.207 [main] INFO  api.test.UserTests - ********** User deleted ***************
20:09:40.281 [main] DEBUG api.test.UserTests2 - debugging.....
20:09:40.283 [main] INFO  api.test.UserTests2 - ********** Creating user  ***************
20:09:41.524 [main] INFO  api.test.UserTests2 - **********User is created  ***************
20:09:41.527 [main] INFO  api.test.UserTests2 - ********** Reading User Info ***************
20:09:42.666 [main] INFO  api.test.UserTests2 - **********User info  is displayed ***************
20:09:42.669 [main] INFO  api.test.UserTests2 - ********** Updating User ***************
20:09:44.918 [main] INFO  api.test.UserTests2 - ********** User updated ***************
20:09:46.557 [main] INFO  api.test.UserTests2 - **********   Deleting User  ***************
20:09:47.785 [main] INFO  api.test.UserTests2 - ********** User deleted ***************
20:12:11.433 [main] DEBUG api.test.UserTests - debugging.....
20:12:11.443 [main] INFO  api.test.UserTests - ********** Creating user  ***************
20:12:14.644 [main] INFO  api.test.UserTests - **********User is created  ***************
20:12:14.662 [main] INFO  api.test.UserTests - ********** Reading User Info ***************
20:12:18.826 [main] INFO  api.test.UserTests - **********User info  is displayed ***************
20:12:18.829 [main] INFO  api.test.UserTests - ********** Updating User ***************
20:12:22.104 [main] INFO  api.test.UserTests - ********** User updated ***************
20:12:24.460 [main] INFO  api.test.UserTests - **********   Deleting User  ***************
20:12:25.993 [main] INFO  api.test.UserTests - ********** User deleted ***************
20:12:26.060 [main] DEBUG api.test.UserTests2 - debugging.....
20:12:26.061 [main] INFO  api.test.UserTests2 - ********** Creating user  ***************
20:12:27.326 [main] INFO  api.test.UserTests2 - **********User is created  ***************
20:12:27.328 [main] INFO  api.test.UserTests2 - ********** Reading User Info ***************
20:12:30.295 [main] INFO  api.test.UserTests2 - **********User info  is displayed ***************
20:12:30.298 [main] INFO  api.test.UserTests2 - ********** Updating User ***************
20:12:31.833 [main] INFO  api.test.UserTests2 - ********** User updated ***************
20:12:33.266 [main] INFO  api.test.UserTests2 - **********   Deleting User  ***************
20:12:34.697 [main] INFO  api.test.UserTests2 - ********** User deleted ***************
20:15:28.308 [main] DEBUG api.test.UserTests - debugging.....
20:15:28.317 [main] INFO  api.test.UserTests - ********** Creating user  ***************
20:15:34.821 [main] INFO  api.test.UserTests - **********User is created  ***************
20:15:34.833 [main] INFO  api.test.UserTests - ********** Reading User Info ***************
20:15:36.333 [main] INFO  api.test.UserTests - **********User info  is displayed ***************
20:15:36.336 [main] INFO  api.test.UserTests - ********** Updating User ***************
20:15:37.790 [main] INFO  api.test.UserTests - ********** User updated ***************
20:15:39.225 [main] INFO  api.test.UserTests - **********   Deleting User  ***************
20:15:40.861 [main] INFO  api.test.UserTests - ********** User deleted ***************
20:15:40.924 [main] DEBUG api.test.UserTests2 - debugging.....
20:15:40.925 [main] INFO  api.test.UserTests2 - ********** Creating user  ***************
20:15:42.707 [main] INFO  api.test.UserTests2 - **********User is created  ***************
20:15:42.710 [main] INFO  api.test.UserTests2 - ********** Reading User Info ***************
20:15:44.140 [main] INFO  api.test.UserTests2 - **********User info  is displayed ***************
20:15:44.143 [main] INFO  api.test.UserTests2 - ********** Updating User ***************
20:15:45.777 [main] INFO  api.test.UserTests2 - ********** User updated ***************
20:15:47.416 [main] INFO  api.test.UserTests2 - **********   Deleting User  ***************
20:15:49.054 [main] INFO  api.test.UserTests2 - ********** User deleted ***************
20:17:20.013 [main] DEBUG api.test.UserTests - debugging.....
20:17:20.022 [main] INFO  api.test.UserTests - ********** Creating user  ***************
20:17:23.015 [main] INFO  api.test.UserTests - **********User is created  ***************
20:17:23.022 [main] INFO  api.test.UserTests - ********** Reading User Info ***************
20:17:24.185 [main] INFO  api.test.UserTests - **********User info  is displayed ***************
20:17:24.187 [main] INFO  api.test.UserTests - ********** Updating User ***************
20:17:25.494 [main] INFO  api.test.UserTests - ********** User updated ***************
20:17:27.986 [main] INFO  api.test.UserTests - **********   Deleting User  ***************
20:17:29.096 [main] INFO  api.test.UserTests - ********** User deleted ***************
20:17:29.193 [main] DEBUG api.test.UserTests2 - debugging.....
20:17:29.194 [main] INFO  api.test.UserTests2 - ********** Creating user  ***************
20:17:30.531 [main] INFO  api.test.UserTests2 - **********User is created  ***************
20:17:30.532 [main] INFO  api.test.UserTests2 - ********** Reading User Info ***************
20:17:31.752 [main] INFO  api.test.UserTests2 - **********User info  is displayed ***************
20:17:31.755 [main] INFO  api.test.UserTests2 - ********** Updating User ***************
20:17:33.193 [main] INFO  api.test.UserTests2 - ********** User updated ***************
20:17:34.322 [main] INFO  api.test.UserTests2 - **********   Deleting User  ***************
20:17:35.344 [main] INFO  api.test.UserTests2 - ********** User deleted ***************
20:19:28.692 [main] DEBUG api.test.UserTests - debugging.....
20:19:28.701 [main] INFO  api.test.UserTests - ********** Creating user  ***************
20:19:31.956 [main] INFO  api.test.UserTests - **********User is created  ***************
20:19:31.963 [main] INFO  api.test.UserTests - ********** Reading User Info ***************
20:19:33.928 [main] INFO  api.test.UserTests - **********User info  is displayed ***************
20:19:33.931 [main] INFO  api.test.UserTests - ********** Updating User ***************
20:19:35.768 [main] INFO  api.test.UserTests - ********** User updated ***************
20:19:36.999 [main] INFO  api.test.UserTests - **********   Deleting User  ***************
20:19:38.223 [main] INFO  api.test.UserTests - ********** User deleted ***************
20:19:38.278 [main] DEBUG api.test.UserTests2 - debugging.....
20:19:38.279 [main] INFO  api.test.UserTests2 - ********** Creating user  ***************
20:19:40.992 [main] INFO  api.test.UserTests2 - **********User is created  ***************
20:19:40.995 [main] INFO  api.test.UserTests2 - ********** Reading User Info ***************
20:19:42.527 [main] INFO  api.test.UserTests2 - **********User info  is displayed ***************
20:19:42.532 [main] INFO  api.test.UserTests2 - ********** Updating User ***************
20:19:43.858 [main] INFO  api.test.UserTests2 - ********** User updated ***************
20:19:45.207 [main] INFO  api.test.UserTests2 - **********   Deleting User  ***************
20:19:47.282 [main] INFO  api.test.UserTests2 - ********** User deleted ***************
